This is pdfTeX, Version 3.14159265-2.6-1.40.21 (MiKTeX 21.1) (preloaded format=pdflatex 2021.2.7)  2 MAR 2021 00:38
entering extended mode
**./T2_EM_Enrique_Santibáñez_Cortés.tex
(T2_EM_Enrique_Santibáñez_Cortés.tex
LaTeX2e <2020-10-01> patch level 4
L3 programming layer <2021-01-09> xparse <2020-03-03> (/home/enrique/.miktex/te
xmfs/install/tex/latex/base/article.cls
Document Class: article 2020/04/10 v1.4m Standard LaTeX document class
(/home/enrique/.miktex/texmfs/install/tex/latex/base/size11.clo
File: size11.clo 2020/04/10 v1.4m Standard LaTeX file (size option)
)
\c@part=\count177
\c@section=\count178
\c@subsection=\count179
\c@subsubsection=\count180
\c@paragraph=\count181
\c@subparagraph=\count182
\c@figure=\count183
\c@table=\count184
\abovecaptionskip=\skip47
\belowcaptionskip=\skip48
\bibindent=\dimen138
) (/home/enrique/.miktex/texmfs/install/tex/latex/lm/lmodern.sty
Package: lmodern 2009/10/30 v1.6 Latin Modern Fonts
LaTeX Font Info:    Overwriting symbol font `operators' in version `normal'
(Font)                  OT1/cmr/m/n --> OT1/lmr/m/n on input line 22.
LaTeX Font Info:    Overwriting symbol font `letters' in version `normal'
(Font)                  OML/cmm/m/it --> OML/lmm/m/it on input line 23.
LaTeX Font Info:    Overwriting symbol font `symbols' in version `normal'
(Font)                  OMS/cmsy/m/n --> OMS/lmsy/m/n on input line 24.
LaTeX Font Info:    Overwriting symbol font `largesymbols' in version `normal'
(Font)                  OMX/cmex/m/n --> OMX/lmex/m/n on input line 25.
LaTeX Font Info:    Overwriting symbol font `operators' in version `bold'
(Font)                  OT1/cmr/bx/n --> OT1/lmr/bx/n on input line 26.
LaTeX Font Info:    Overwriting symbol font `letters' in version `bold'
(Font)                  OML/cmm/b/it --> OML/lmm/b/it on input line 27.
LaTeX Font Info:    Overwriting symbol font `symbols' in version `bold'
(Font)                  OMS/cmsy/b/n --> OMS/lmsy/b/n on input line 28.
LaTeX Font Info:    Overwriting symbol font `largesymbols' in version `bold'
(Font)                  OMX/cmex/m/n --> OMX/lmex/m/n on input line 29.
LaTeX Font Info:    Overwriting math alphabet `\mathbf' in version `normal'
(Font)                  OT1/cmr/bx/n --> OT1/lmr/bx/n on input line 31.
LaTeX Font Info:    Overwriting math alphabet `\mathsf' in version `normal'
(Font)                  OT1/cmss/m/n --> OT1/lmss/m/n on input line 32.
LaTeX Font Info:    Overwriting math alphabet `\mathit' in version `normal'
(Font)                  OT1/cmr/m/it --> OT1/lmr/m/it on input line 33.
LaTeX Font Info:    Overwriting math alphabet `\mathtt' in version `normal'
(Font)                  OT1/cmtt/m/n --> OT1/lmtt/m/n on input line 34.
LaTeX Font Info:    Overwriting math alphabet `\mathbf' in version `bold'
(Font)                  OT1/cmr/bx/n --> OT1/lmr/bx/n on input line 35.
LaTeX Font Info:    Overwriting math alphabet `\mathsf' in version `bold'
(Font)                  OT1/cmss/bx/n --> OT1/lmss/bx/n on input line 36.
LaTeX Font Info:    Overwriting math alphabet `\mathit' in version `bold'
(Font)                  OT1/cmr/bx/it --> OT1/lmr/bx/it on input line 37.
LaTeX Font Info:    Overwriting math alphabet `\mathtt' in version `bold'
(Font)                  OT1/cmtt/m/n --> OT1/lmtt/m/n on input line 38.
) (/home/enrique/.miktex/texmfs/install/tex/latex/amsfonts/amssymb.sty
Package: amssymb 2013/01/14 v3.01 AMS font symbols
(/home/enrique/.miktex/texmfs/install/tex/latex/amsfonts/amsfonts.sty
Package: amsfonts 2013/01/14 v3.01 Basic AMSFonts support
\@emptytoks=\toks15
\symAMSa=\mathgroup4
\symAMSb=\mathgroup5
LaTeX Font Info:    Redeclaring math symbol \hbar on input line 98.
LaTeX Font Info:    Overwriting math alphabet `\mathfrak' in version `bold'
(Font)                  U/euf/m/n --> U/euf/b/n on input line 106.
)) (/home/enrique/.miktex/texmfs/install/tex/latex/amsmath/amsmath.sty
Package: amsmath 2020/09/23 v2.17i AMS math features
\@mathmargin=\skip49
For additional information on amsmath, use the `?' option.
(/home/enrique/.miktex/texmfs/install/tex/latex/amsmath/amstext.sty
Package: amstext 2000/06/29 v2.01 AMS text
(/home/enrique/.miktex/texmfs/install/tex/latex/amsmath/amsgen.sty
File: amsgen.sty 1999/11/30 v2.0 generic functions
\@emptytoks=\toks16
\ex@=\dimen139
)) (/home/enrique/.miktex/texmfs/install/tex/latex/amsmath/amsbsy.sty
Package: amsbsy 1999/11/29 v1.2d Bold Symbols
\pmbraise@=\dimen140
) (/home/enrique/.miktex/texmfs/install/tex/latex/amsmath/amsopn.sty
Package: amsopn 2016/03/08 v2.02 operator names
)
\inf@bad=\count185
LaTeX Info: Redefining \frac on input line 234.
\uproot@=\count186
\leftroot@=\count187
LaTeX Info: Redefining \overline on input line 399.
\classnum@=\count188
\DOTSCASE@=\count189
LaTeX Info: Redefining \ldots on input line 496.
LaTeX Info: Redefining \dots on input line 499.
LaTeX Info: Redefining \cdots on input line 620.
\Mathstrutbox@=\box47
\strutbox@=\box48
\big@size=\dimen141
LaTeX Font Info:    Redeclaring font encoding OML on input line 743.
LaTeX Font Info:    Redeclaring font encoding OMS on input line 744.
\macc@depth=\count190
\c@MaxMatrixCols=\count191
\dotsspace@=\muskip16
\c@parentequation=\count192
\dspbrk@lvl=\count193
\tag@help=\toks17
\row@=\count194
\column@=\count195
\maxfields@=\count196
\andhelp@=\toks18
\eqnshift@=\dimen142
\alignsep@=\dimen143
\tagshift@=\dimen144
\tagwidth@=\dimen145
\totwidth@=\dimen146
\lineht@=\dimen147
\@envbody=\toks19
\multlinegap=\skip50
\multlinetaggap=\skip51
\mathdisplay@stack=\toks20
LaTeX Info: Redefining \[ on input line 2923.
LaTeX Info: Redefining \] on input line 2924.
) (/home/enrique/.miktex/texmfs/install/tex/generic/iftex/ifxetex.sty
Package: ifxetex 2019/10/25 v0.7 ifxetex legacy package. Use iftex instead.
(/home/enrique/.miktex/texmfs/install/tex/generic/iftex/iftex.sty
Package: iftex 2020/03/06 v1.0d TeX engine tests
)) (/home/enrique/.miktex/texmfs/install/tex/generic/iftex/ifluatex.sty
Package: ifluatex 2019/10/25 v1.5 ifluatex legacy package. Use iftex instead.
) (/home/enrique/.miktex/texmfs/install/tex/latex/base/fixltx2e.sty
Package: fixltx2e 2016/12/29 v2.1a fixes to LaTeX (obsolete)
Applying: [2015/01/01] Old fixltx2e package on input line 46.

Package fixltx2e Warning: fixltx2e is not required with releases after 2015
(fixltx2e)                All fixes are now in the LaTeX kernel.
(fixltx2e)                See the latexrelease package for details.

Already applied: [0000/00/00] Old fixltx2e package on input line 53.
) (/home/enrique/.miktex/texmfs/install/tex/latex/base/fontenc.sty
Package: fontenc 2020/08/10 v2.0s Standard LaTeX package
LaTeX Font Info:    Trying to load font information for T1+lmr on input line 11
2.
(/home/enrique/.miktex/texmfs/install/tex/latex/lm/t1lmr.fd
File: t1lmr.fd 2009/10/30 v1.6 Font defs for Latin Modern
)) (/home/enrique/.miktex/texmfs/install/tex/latex/base/inputenc.sty
Package: inputenc 2020/08/01 v1.3d Input encoding file
\inpenc@prehook=\toks21
\inpenc@posthook=\toks22
) (/home/enrique/.miktex/texmfs/install/tex/latex/base/textcomp.sty
Package: textcomp 2020/02/02 v2.0n Standard LaTeX package
) (/home/enrique/.miktex/texmfs/install/tex/latex/upquote/upquote.sty
Package: upquote 2012/04/19 v1.3 upright-quote and grave-accent glyphs in verba
tim
) (/home/enrique/.miktex/texmfs/install/tex/latex/microtype/microtype.sty
Package: microtype 2020/12/07 v2.8 Micro-typographical refinements (RS)
(/home/enrique/.miktex/texmfs/install/tex/latex/graphics/keyval.sty
Package: keyval 2014/10/28 v1.15 key=value parser (DPC)
\KV@toks@=\toks23
)
\MT@toks=\toks24
\MT@count=\count197
LaTeX Info: Redefining \textls on input line 788.
\MT@outer@kern=\dimen148
LaTeX Info: Redefining \textmicrotypecontext on input line 1358.
\MT@listname@count=\count198
(/home/enrique/.miktex/texmfs/install/tex/latex/microtype/microtype-pdftex.def
File: microtype-pdftex.def 2020/12/07 v2.8 Definitions specific to pdftex (RS)
LaTeX Info: Redefining \lsstyle on input line 915.
LaTeX Info: Redefining \lslig on input line 915.
\MT@outer@space=\skip52
)
Package microtype Info: Loading configuration file microtype.cfg.
(/home/enrique/.miktex/texmfs/install/tex/latex/microtype/microtype.cfg
File: microtype.cfg 2020/12/07 v2.8 microtype main configuration file (RS)
)) (/home/enrique/.miktex/texmfs/install/tex/latex/parskip/parskip.sty
Package: parskip 2020-06-15 v2.0f non-zero parskip adjustments
(/home/enrique/.miktex/texmfs/install/tex/latex/kvoptions/kvoptions.sty
Package: kvoptions 2020-10-07 v3.14 Key value format for package options (HO)
(/home/enrique/.miktex/texmfs/install/tex/generic/ltxcmds/ltxcmds.sty
Package: ltxcmds 2020-05-10 v1.25 LaTeX kernel commands for general use (HO)
) (/home/enrique/.miktex/texmfs/install/tex/generic/kvsetkeys/kvsetkeys.sty
Package: kvsetkeys 2019/12/15 v1.18 Key value parser (HO)
)) (/home/enrique/.miktex/texmfs/install/tex/latex/etoolbox/etoolbox.sty
Package: etoolbox 2020/10/05 v2.5k e-TeX tools for LaTeX (JAW)
\etb@tempcnta=\count199
)) (/home/enrique/.miktex/texmfs/install/tex/latex/hyperref/hyperref.sty
Package: hyperref 2021-02-08 v7.00i Hypertext links for LaTeX
(/home/enrique/.miktex/texmfs/install/tex/generic/pdftexcmds/pdftexcmds.sty
Package: pdftexcmds 2020-06-27 v0.33 Utility functions of pdfTeX for LuaTeX (HO
)
(/home/enrique/.miktex/texmfs/install/tex/generic/infwarerr/infwarerr.sty
Package: infwarerr 2019/12/03 v1.5 Providing info/warning/error messages (HO)
)
Package pdftexcmds Info: \pdf@primitive is available.
Package pdftexcmds Info: \pdf@ifprimitive is available.
Package pdftexcmds Info: \pdfdraftmode found.
)
(/home/enrique/.miktex/texmfs/install/tex/generic/kvdefinekeys/kvdefinekeys.sty
Package: kvdefinekeys 2019-12-19 v1.6 Define keys (HO)
) (/home/enrique/.miktex/texmfs/install/tex/generic/pdfescape/pdfescape.sty
Package: pdfescape 2019/12/09 v1.15 Implements pdfTeX's escape features (HO)
) (/home/enrique/.miktex/texmfs/install/tex/latex/hycolor/hycolor.sty
Package: hycolor 2020-01-27 v1.10 Color options for hyperref/bookmark (HO)
) (/home/enrique/.miktex/texmfs/install/tex/latex/letltxmacro/letltxmacro.sty
Package: letltxmacro 2019/12/03 v1.6 Let assignment for LaTeX macros (HO)
) (/home/enrique/.miktex/texmfs/install/tex/latex/auxhook/auxhook.sty
Package: auxhook 2019-12-17 v1.6 Hooks for auxiliary files (HO)
)
\@linkdim=\dimen149
\Hy@linkcounter=\count266
\Hy@pagecounter=\count267
(/home/enrique/.miktex/texmfs/install/tex/latex/hyperref/pd1enc.def
File: pd1enc.def 2021-02-08 v7.00i Hyperref: PDFDocEncoding definition (HO)
Now handling font encoding PD1 ...
... no UTF-8 mapping file for font encoding PD1
)
(/home/enrique/.miktex/texmfs/install/tex/latex/hyperref/hyperref-langpatches.d
ef
File: hyperref-langpatches.def 2021-02-08 v7.00i Hyperref: patches for babel la
nguages
) (/home/enrique/.miktex/texmfs/install/tex/generic/intcalc/intcalc.sty
Package: intcalc 2019/12/15 v1.3 Expandable calculations with integers (HO)
) (/home/enrique/.miktex/texmfs/install/tex/generic/etexcmds/etexcmds.sty
Package: etexcmds 2019/12/15 v1.7 Avoid name clashes with e-TeX commands (HO)
)
\Hy@SavedSpaceFactor=\count268
Package hyperref Info: Option `unicode' set `true' on input line 4058.
(/home/enrique/.miktex/texmfs/install/tex/latex/hyperref/puenc.def
File: puenc.def 2021-02-08 v7.00i Hyperref: PDF Unicode definition (HO)
Now handling font encoding PU ...
... no UTF-8 mapping file for font encoding PU
)
Package hyperref Info: Hyper figures OFF on input line 4180.
Package hyperref Info: Link nesting OFF on input line 4185.
Package hyperref Info: Hyper index ON on input line 4188.
Package hyperref Info: Plain pages OFF on input line 4195.
Package hyperref Info: Backreferencing OFF on input line 4200.
Package hyperref Info: Implicit mode ON; LaTeX internals redefined.
Package hyperref Info: Bookmarks ON on input line 4433.
\c@Hy@tempcnt=\count269
(/home/enrique/.miktex/texmfs/install/tex/latex/url/url.sty
\Urlmuskip=\muskip17
Package: url 2013/09/16  ver 3.4  Verb mode for urls, etc.
)
LaTeX Info: Redefining \url on input line 4792.
\XeTeXLinkMargin=\dimen150
(/home/enrique/.miktex/texmfs/install/tex/generic/bitset/bitset.sty
Package: bitset 2019/12/09 v1.3 Handle bit-vector datatype (HO)
(/home/enrique/.miktex/texmfs/install/tex/generic/bigintcalc/bigintcalc.sty
Package: bigintcalc 2019/12/15 v1.5 Expandable calculations on big integers (HO
)
))
\Fld@menulength=\count270
\Field@Width=\dimen151
\Fld@charsize=\dimen152
Package hyperref Info: Hyper figures OFF on input line 6063.
Package hyperref Info: Link nesting OFF on input line 6068.
Package hyperref Info: Hyper index ON on input line 6071.
Package hyperref Info: backreferencing OFF on input line 6078.
Package hyperref Info: Link coloring OFF on input line 6083.
Package hyperref Info: Link coloring with OCG OFF on input line 6088.
Package hyperref Info: PDF/A mode OFF on input line 6093.
LaTeX Info: Redefining \ref on input line 6133.
LaTeX Info: Redefining \pageref on input line 6137.
(/home/enrique/.miktex/texmfs/install/tex/latex/base/atbegshi-ltx.sty
Package: atbegshi-ltx 2020/08/17 v1.0a Emulation of the original atbegshi packa
ge
with kernel methods
)
\Hy@abspage=\count271
\c@Item=\count272
\c@Hfootnote=\count273
)
Package hyperref Info: Driver (autodetected): hpdftex.
(/home/enrique/.miktex/texmfs/install/tex/latex/hyperref/hpdftex.def
File: hpdftex.def 2021-02-08 v7.00i Hyperref driver for pdfTeX
(/home/enrique/.miktex/texmfs/install/tex/latex/base/atveryend-ltx.sty
Package: atveryend-ltx 2020/08/19 v1.0a Emulation of the original atvery packag
e
with kernel methods
)
\Fld@listcount=\count274
\c@bookmark@seq@number=\count275

(/home/enrique/.miktex/texmfs/install/tex/latex/rerunfilecheck/rerunfilecheck.s
ty
Package: rerunfilecheck 2019/12/05 v1.9 Rerun checks for auxiliary files (HO)

(/home/enrique/.miktex/texmfs/install/tex/generic/uniquecounter/uniquecounter.s
ty
Package: uniquecounter 2019/12/15 v1.4 Provide unlimited unique counter (HO)
)
Package uniquecounter Info: New unique counter `rerunfilecheck' on input line 2
86.
)
\Hy@SectionHShift=\skip53
)
Package hyperref Info: Option `breaklinks' set `true' on input line 33.
(/home/enrique/.miktex/texmfs/install/tex/latex/geometry/geometry.sty
Package: geometry 2020/01/02 v5.9 Page Geometry
(/home/enrique/.miktex/texmfs/install/tex/generic/iftex/ifvtex.sty
Package: ifvtex 2019/10/25 v1.7 ifvtex legacy package. Use iftex instead.
)
\Gm@cnth=\count276
\Gm@cntv=\count277
\c@Gm@tempcnt=\count278
\Gm@bindingoffset=\dimen153
\Gm@wd@mp=\dimen154
\Gm@odd@mp=\dimen155
\Gm@even@mp=\dimen156
\Gm@layoutwidth=\dimen157
\Gm@layoutheight=\dimen158
\Gm@layouthoffset=\dimen159
\Gm@layoutvoffset=\dimen160
\Gm@dimlist=\toks25
(/home/enrique/.miktex/texmfs/install/tex/latex/geometry/geometry.cfg)) (/home/
enrique/.miktex/texmfs/install/tex/latex/graphics/color.sty
Package: color 2020/02/24 v1.2b Standard LaTeX Color (DPC)
(/home/enrique/.miktex/texmfs/install/tex/latex/graphics-cfg/color.cfg
File: color.cfg 2016/01/02 v1.6 sample color configuration
)
Package color Info: Driver file: pdftex.def on input line 147.
(/home/enrique/.miktex/texmfs/install/tex/latex/graphics-def/pdftex.def
File: pdftex.def 2020/10/05 v1.2a Graphics/color driver for pdftex
)) (/home/enrique/.miktex/texmfs/install/tex/latex/fancyvrb/fancyvrb.sty
Package: fancyvrb 2021/01/20 v3.7 verbatim text (tvz,hv)
\FV@CodeLineNo=\count279
\FV@InFile=\read2
\FV@TabBox=\box49
\c@FancyVerbLine=\count280
\FV@StepNumber=\count281
\FV@OutFile=\write3
) (/home/enrique/.miktex/texmfs/install/tex/latex/framed/framed.sty
Package: framed 2011/10/22 v 0.96: framed or shaded text with page breaks
\OuterFrameSep=\skip54
\fb@frw=\dimen161
\fb@frh=\dimen162
\FrameRule=\dimen163
\FrameSep=\dimen164
) (/home/enrique/.miktex/texmfs/install/tex/latex/graphics/graphicx.sty
Package: graphicx 2020/09/09 v1.2b Enhanced LaTeX Graphics (DPC,SPQR)
(/home/enrique/.miktex/texmfs/install/tex/latex/graphics/graphics.sty
Package: graphics 2020/08/30 v1.4c Standard LaTeX Graphics (DPC,SPQR)
(/home/enrique/.miktex/texmfs/install/tex/latex/graphics/trig.sty
Package: trig 2016/01/03 v1.10 sin cos tan (DPC)
) (/home/enrique/.miktex/texmfs/install/tex/latex/graphics-cfg/graphics.cfg
File: graphics.cfg 2016/06/04 v1.11 sample graphics configuration
)
Package graphics Info: Driver file: pdftex.def on input line 105.
)
\Gin@req@height=\dimen165
\Gin@req@width=\dimen166
) (/home/enrique/.miktex/texmfs/install/tex/latex/grffile/grffile.sty
Package: grffile 2019/11/11 v2.1 Extended file name support for graphics (legac
y)
Package grffile Info: This package is an empty stub for compatibility on input 
line 40.
) (/home/enrique/.miktex/texmfs/install/tex/latex/base/fontenc.sty
Package: fontenc 2020/08/10 v2.0s Standard LaTeX package
) (/home/enrique/.miktex/texmfs/install/tex/generic/babel/babel.sty
Package: babel 2021/01/26 3.53 The Babel package
(/home/enrique/.miktex/texmfs/install/tex/generic/babel/babel.def
File: babel.def 2021/01/26 3.53 Babel common definitions
\babel@savecnt=\count282
\U@D=\dimen167
\l@babelnohyphens=\language1
(/home/enrique/.miktex/texmfs/install/tex/generic/babel/txtbabel.def)
\bbl@readstream=\read3
)
\bbl@dirlevel=\count283
*************************************
* Local config file bblopts.cfg used
*
(/home/enrique/.miktex/texmfs/install/tex/latex/arabi/bblopts.cfg
File: bblopts.cfg 2005/09/08 v0.1 add Arabic and Farsi to "declared" options of
 babel
) (/home/enrique/.miktex/texmfs/install/tex/latex/babel-spanish/spanish.ldf
Language: spanish.ldf 2016/03/03 v5.0p Spanish support from the babel system

Package babel Warning: No hyphenation patterns were preloaded for
(babel)                the language `Spanish' into the format.
(babel)                Please, configure your TeX system to add them and
(babel)                rebuild the format. Now I will use the patterns
(babel)                preloaded for \language=0 instead on input line 51.

\es@quottoks=\toks26
\es@quotdepth=\count284
Package babel Info: Making " an active character on input line 561.
Package babel Info: Making . an active character on input line 662.
Package babel Info: Making < an active character on input line 707.
Package babel Info: Making > an active character on input line 707.
)) (/home/enrique/.miktex/texmfs/install/tex/latex/latex-tools/xspace.sty
Package: xspace 2014/10/28 v1.13 Space after command names (DPC,MH)
) (/home/enrique/.miktex/texmfs/install/tex/latex/latex-tools/multicol.sty
Package: multicol 2019/12/09 v1.8y multicolumn formatting (FMi)
\c@tracingmulticols=\count285
\mult@box=\box50
\multicol@leftmargin=\dimen168
\c@unbalance=\count286
\c@collectmore=\count287
\doublecol@number=\count288
\multicoltolerance=\count289
\multicolpretolerance=\count290
\full@width=\dimen169
\page@free=\dimen170
\premulticols=\dimen171
\postmulticols=\dimen172
\multicolsep=\skip55
\multicolbaselineskip=\skip56
\partial@page=\box51
\last@line=\box52
\maxbalancingoverflow=\dimen173
\mult@rightbox=\box53
\mult@grightbox=\box54
\mult@gfirstbox=\box55
\mult@firstbox=\box56
\@tempa=\box57
\@tempa=\box58
\@tempa=\box59
\@tempa=\box60
\@tempa=\box61
\@tempa=\box62
\@tempa=\box63
\@tempa=\box64
\@tempa=\box65
\@tempa=\box66
\@tempa=\box67
\@tempa=\box68
\@tempa=\box69
\@tempa=\box70
\@tempa=\box71
\@tempa=\box72
\@tempa=\box73
\@tempa=\box74
\@tempa=\box75
\@tempa=\box76
\@tempa=\box77
\@tempa=\box78
\@tempa=\box79
\@tempa=\box80
\@tempa=\box81
\@tempa=\box82
\@tempa=\box83
\@tempa=\box84
\@tempa=\box85
\@tempa=\box86
\@tempa=\box87
\@tempa=\box88
\@tempa=\box89
\@tempa=\box90
\@tempa=\box91
\@tempa=\box92
\@tempa=\box93
\c@minrows=\count291
\c@columnbadness=\count292
\c@finalcolumnbadness=\count293
\last@try=\dimen174
\multicolovershoot=\dimen175
\multicolundershoot=\dimen176
\mult@nat@firstbox=\box94
\colbreak@box=\box95
\mc@col@check@num=\count294
) (/home/enrique/.miktex/texmfs/install/tex/latex/float/float.sty
Package: float 2001/11/08 v1.3d Float enhancements (AL)
\c@float@type=\count295
\float@exts=\toks27
\float@box=\box96
\@float@everytoks=\toks28
\@floatcapt=\box97
) (/home/enrique/.miktex/texmfs/install/tex/latex/latex-tools/array.sty
Package: array 2020/10/01 v2.5c Tabular extension package (FMi)
\col@sep=\dimen177
\ar@mcellbox=\box98
\extrarowheight=\dimen178
\NC@list=\toks29
\extratabsurround=\skip57
\backup@length=\skip58
\ar@cellbox=\box99
)
\c@thm=\count296
\c@thmt=\count297
\c@thmd=\count298
\c@thml=\count299
\c@thmr=\count300
\c@thmp=\count301
(/home/enrique/.miktex/texmfs/install/tex/latex/l3backend/l3backend-pdftex.def
File: l3backend-pdftex.def 2020-01-29 L3 backend support: PDF output (pdfTeX)
\l__color_backend_stack_int=\count302
\l__pdf_internal_box=\box100
) (T2_EM_Enrique_Santibáñez_Cortés.aux
LaTeX Info: Redefining \. on input line 25.
LaTeX Info: Redefining \% on input line 25.
)
\openout1 = `T2_EM_Enrique_Santibáñez_Cortés.aux'.

LaTeX Font Info:    Checking defaults for OML/cmm/m/it on input line 176.
LaTeX Font Info:    ... okay on input line 176.
LaTeX Font Info:    Checking defaults for OMS/cmsy/m/n on input line 176.
LaTeX Font Info:    ... okay on input line 176.
LaTeX Font Info:    Checking defaults for OT1/cmr/m/n on input line 176.
LaTeX Font Info:    ... okay on input line 176.
LaTeX Font Info:    Checking defaults for T1/cmr/m/n on input line 176.
LaTeX Font Info:    ... okay on input line 176.
LaTeX Font Info:    Checking defaults for TS1/cmr/m/n on input line 176.
LaTeX Font Info:    ... okay on input line 176.
LaTeX Font Info:    Checking defaults for OMX/cmex/m/n on input line 176.
LaTeX Font Info:    ... okay on input line 176.
LaTeX Font Info:    Checking defaults for U/cmr/m/n on input line 176.
LaTeX Font Info:    ... okay on input line 176.
LaTeX Font Info:    Checking defaults for PD1/pdf/m/n on input line 176.
LaTeX Font Info:    ... okay on input line 176.
LaTeX Font Info:    Checking defaults for PU/pdf/m/n on input line 176.
LaTeX Font Info:    ... okay on input line 176.
LaTeX Info: Redefining \microtypecontext on input line 176.
Package microtype Info: Generating PDF output.
Package microtype Info: Character protrusion enabled (level 2).
Package microtype Info: Using protrusion set `basicmath'.
Package microtype Info: Automatic font expansion enabled (level 2),
(microtype)             stretch: 20, shrink: 20, step: 1, non-selected.
Package microtype Info: Using default expansion set `alltext-nott'.
LaTeX Info: Redefining \showhyphens on input line 176.
Package microtype Info: No adjustment of tracking.
Package microtype Info: No adjustment of interword spacing.
Package microtype Info: No adjustment of character kerning.
(/home/enrique/.miktex/texmfs/install/tex/latex/microtype/mt-cmr.cfg
File: mt-cmr.cfg 2013/05/19 v2.2 microtype config. file: Computer Modern Roman 
(RS)
)
Package hyperref Info: Link coloring OFF on input line 176.
(/home/enrique/.miktex/texmfs/install/tex/latex/hyperref/nameref.sty
Package: nameref 2021-04-02 v2.47 Cross-referencing by name of section
(/home/enrique/.miktex/texmfs/install/tex/latex/refcount/refcount.sty
Package: refcount 2019/12/15 v3.6 Data extraction from label references (HO)
)
(/home/enrique/.miktex/texmfs/install/tex/generic/gettitlestring/gettitlestring
.sty
Package: gettitlestring 2019/12/15 v1.6 Cleanup title references (HO)
)
\c@section@level=\count303
)
LaTeX Info: Redefining \ref on input line 176.
LaTeX Info: Redefining \pageref on input line 176.
LaTeX Info: Redefining \nameref on input line 176.
(T2_EM_Enrique_Santibáñez_Cortés.out) (T2_EM_Enrique_Santibáñez_Cortés.ou
t)
\@outlinefile=\write4
\openout4 = `T2_EM_Enrique_Santibáñez_Cortés.out'.

*geometry* driver: auto-detecting
*geometry* detected driver: pdftex
*geometry* verbose mode - [ preamble ] result:
* driver: pdftex
* paper: <default>
* layout: <same size as paper>
* layoutoffset:(h,v)=(0.0pt,0.0pt)
* modes: 
* h-part:(L,W,R)=(56.9055pt, 500.484pt, 56.9055pt)
* v-part:(T,H,B)=(56.9055pt, 681.15898pt, 56.9055pt)
* \paperwidth=614.295pt
* \paperheight=794.96999pt
* \textwidth=500.484pt
* \textheight=681.15898pt
* \oddsidemargin=-15.36449pt
* \evensidemargin=-15.36449pt
* \topmargin=-52.36449pt
* \headheight=12.0pt
* \headsep=25.0pt
* \topskip=11.0pt
* \footskip=30.0pt
* \marginparwidth=59.0pt
* \marginparsep=10.0pt
* \columnsep=10.0pt
* \skip\footins=10.0pt plus 4.0pt minus 2.0pt
* \hoffset=0.0pt
* \voffset=0.0pt
* \mag=1000
* \@twocolumnfalse
* \@twosidefalse
* \@mparswitchfalse
* \@reversemarginfalse
* (1in=72.27pt=25.4mm, 1cm=28.453pt)

(/home/enrique/.miktex/texmfs/install/tex/context/base/mkii/supp-pdf.mkii
[Loading MPS to PDF converter (version 2006.09.02).]
\scratchcounter=\count304
\scratchdimen=\dimen179
\scratchbox=\box101
\nofMPsegments=\count305
\nofMParguments=\count306
\everyMPshowfont=\toks30
\MPscratchCnt=\count307
\MPscratchDim=\dimen180
\MPnumerator=\count308
\makeMPintoPDFobject=\count309
\everyMPtoPDFconversion=\toks31
) (/home/enrique/.miktex/texmfs/install/tex/latex/epstopdf-pkg/epstopdf-base.st
y
Package: epstopdf-base 2020-01-24 v2.11 Base part for package epstopdf
Package epstopdf-base Info: Redefining graphics rule for `.eps' on input line 4
85.
)
LaTeX Info: Redefining \. on input line 176.
LaTeX Info: Redefining \% on input line 176.
LaTeX Font Info:    Trying to load font information for OT1+lmr on input line 1
80.
(/home/enrique/.miktex/texmfs/install/tex/latex/lm/ot1lmr.fd
File: ot1lmr.fd 2009/10/30 v1.6 Font defs for Latin Modern
)
LaTeX Font Info:    Trying to load font information for OML+lmm on input line 1
80.
(/home/enrique/.miktex/texmfs/install/tex/latex/lm/omllmm.fd
File: omllmm.fd 2009/10/30 v1.6 Font defs for Latin Modern
)
LaTeX Font Info:    Trying to load font information for OMS+lmsy on input line 
180.
(/home/enrique/.miktex/texmfs/install/tex/latex/lm/omslmsy.fd
File: omslmsy.fd 2009/10/30 v1.6 Font defs for Latin Modern
)
LaTeX Font Info:    Trying to load font information for OMX+lmex on input line 
180.
(/home/enrique/.miktex/texmfs/install/tex/latex/lm/omxlmex.fd
File: omxlmex.fd 2009/10/30 v1.6 Font defs for Latin Modern
)
LaTeX Font Info:    External font `lmex10' loaded for size
(Font)              <10.95> on input line 180.
LaTeX Font Info:    External font `lmex10' loaded for size
(Font)              <8> on input line 180.
LaTeX Font Info:    External font `lmex10' loaded for size
(Font)              <6> on input line 180.
LaTeX Font Info:    Trying to load font information for U+msa on input line 180
.
(/home/enrique/.miktex/texmfs/install/tex/latex/amsfonts/umsa.fd
File: umsa.fd 2013/01/14 v3.01 AMS symbols A
) (/home/enrique/.miktex/texmfs/install/tex/latex/microtype/mt-msa.cfg
File: mt-msa.cfg 2006/02/04 v1.1 microtype config. file: AMS symbols (a) (RS)
)
LaTeX Font Info:    Trying to load font information for U+msb on input line 180
.
(/home/enrique/.miktex/texmfs/install/tex/latex/amsfonts/umsb.fd
File: umsb.fd 2013/01/14 v3.01 AMS symbols B
) (/home/enrique/.miktex/texmfs/install/tex/latex/microtype/mt-msb.cfg
File: mt-msb.cfg 2005/06/01 v1.0 microtype config. file: AMS symbols (b) (RS)
)
Overfull \hbox (7.4152pt too wide) detected at line 199
[]
 []


Overfull \hbox (0.89616pt too wide) detected at line 207
[]
 []

[1

{/home/enrique/.miktex/texmfs/data/pdftex/config/pdftex.map}]
Underfull \hbox (badness 10000) in paragraph at lines 225--226

 []

[2] [3]
LaTeX Font Info:    Trying to load font information for T1+lmtt on input line 3
72.
(/home/enrique/.miktex/texmfs/install/tex/latex/lm/t1lmtt.fd
File: t1lmtt.fd 2009/10/30 v1.6 Font defs for Latin Modern
)
LaTeX Font Info:    Font shape `T1/lmtt/bx/n' in size <10.95> not available
(Font)              Font shape `T1/lmtt/b/n' tried instead on input line 373.
[4]
<T2_EM_Enrique_Santibáñez_Cortés_files/figure-latex/unnamed-chunk-1-1.pdf, i
d=58, 359.3425pt x 243.91125pt>
File: T2_EM_Enrique_Santibáñez_Cortés_files/figure-latex/unnamed-chunk-1-1.p
df Graphic file (type pdf)
<use T2_EM_Enrique_Santibáñez_Cortés_files/figure-latex/unnamed-chunk-1-1.pd
f>
Package pdftex.def Info: T2_EM_Enrique_Santibáñez_Cortés_files/figure-latex/
unnamed-chunk-1-1.pdf  used on input line 396.
(pdftex.def)             Requested size: 359.34709pt x 243.91435pt.
[5 <./T2_EM_Enrique_Santibáñez_Cortés_files/figure-latex/unnamed-chunk-1-1.p
df>]
<T2_EM_Enrique_Santibáñez_Cortés_files/figure-latex/unnamed-chunk-2-1.pdf, i
d=72, 351.3125pt x 170.6375pt>
File: T2_EM_Enrique_Santibáñez_Cortés_files/figure-latex/unnamed-chunk-2-1.p
df Graphic file (type pdf)
<use T2_EM_Enrique_Santibáñez_Cortés_files/figure-latex/unnamed-chunk-2-1.pd
f>
Package pdftex.def Info: T2_EM_Enrique_Santibáñez_Cortés_files/figure-latex/
unnamed-chunk-2-1.pdf  used on input line 456.
(pdftex.def)             Requested size: 351.33307pt x 170.64748pt.
[6 <./T2_EM_Enrique_Santibáñez_Cortés_files/figure-latex/unnamed-chunk-2-1.p
df>]
<T2_EM_Enrique_Santibáñez_Cortés_files/figure-latex/unnamed-chunk-3-1.pdf, i
d=84, 459.7175pt x 313.17pt>
File: T2_EM_Enrique_Santibáñez_Cortés_files/figure-latex/unnamed-chunk-3-1.p
df Graphic file (type pdf)
<use T2_EM_Enrique_Santibáñez_Cortés_files/figure-latex/unnamed-chunk-3-1.pd
f>
Package pdftex.def Info: T2_EM_Enrique_Santibáñez_Cortés_files/figure-latex/
unnamed-chunk-3-1.pdf  used on input line 483.
(pdftex.def)             Requested size: 459.7304pt x 313.17877pt.
[7 <./T2_EM_Enrique_Santibáñez_Cortés_files/figure-latex/unnamed-chunk-3-1.p
df>]
<T2_EM_Enrique_Santibáñez_Cortés_files/figure-latex/unnamed-chunk-4-1.pdf, i
d=98, 351.3125pt x 169.63374pt>
File: T2_EM_Enrique_Santibáñez_Cortés_files/figure-latex/unnamed-chunk-4-1.p
df Graphic file (type pdf)
<use T2_EM_Enrique_Santibáñez_Cortés_files/figure-latex/unnamed-chunk-4-1.pd
f>
Package pdftex.def Info: T2_EM_Enrique_Santibáñez_Cortés_files/figure-latex/
unnamed-chunk-4-1.pdf  used on input line 518.
(pdftex.def)             Requested size: 351.3277pt x 169.64107pt.
<T2_EM_Enrique_Santibáñez_Cortés_files/figure-latex/unnamed-chunk-5-1.pdf, i
d=99, 459.7175pt x 313.17pt>
File: T2_EM_Enrique_Santibáñez_Cortés_files/figure-latex/unnamed-chunk-5-1.p
df Graphic file (type pdf)
<use T2_EM_Enrique_Santibáñez_Cortés_files/figure-latex/unnamed-chunk-5-1.pd
f>
Package pdftex.def Info: T2_EM_Enrique_Santibáñez_Cortés_files/figure-latex/
unnamed-chunk-5-1.pdf  used on input line 544.
(pdftex.def)             Requested size: 459.7304pt x 313.17877pt.
[8 <./T2_EM_Enrique_Santibáñez_Cortés_files/figure-latex/unnamed-chunk-4-1.p
df>]
Underfull \hbox (badness 1571) in paragraph at lines 557--561
\T1/lmr/m/n/10.95 (+20) Cuando tenemos un conjunto de observaciones multivariad
as $\OT1/lmr/bx/n/10.95 (+20) x[]\OML/lmm/m/it/10.95 ; \OT1/lmr/bx/n/10.95 (+20
) x[]\OML/lmm/m/it/10.95 ; []  ; \OT1/lmr/bx/n/10.95 (+20) x[]$ \T1/lmr/m/n/10.
95 (+20) se selecciona una
 []

[9 <./T2_EM_Enrique_Santibáñez_Cortés_files/figure-latex/unnamed-chunk-5-1.p
df>]
<T2_EM_Enrique_Santibáñez_Cortés_files/figure-latex/unnamed-chunk-6-1.pdf, i
d=123, 463.7325pt x 316.18124pt>
File: T2_EM_Enrique_Santibáñez_Cortés_files/figure-latex/unnamed-chunk-6-1.p
df Graphic file (type pdf)
<use T2_EM_Enrique_Santibáñez_Cortés_files/figure-latex/unnamed-chunk-6-1.pd
f>
Package pdftex.def Info: T2_EM_Enrique_Santibáñez_Cortés_files/figure-latex/
unnamed-chunk-6-1.pdf  used on input line 588.
(pdftex.def)             Requested size: 463.73842pt x 316.18529pt.
[10 <./T2_EM_Enrique_Santibáñez_Cortés_files/figure-latex/unnamed-chunk-6-1.
pdf>]
<T2_EM_Enrique_Santibáñez_Cortés_files/figure-latex/unnamed-chunk-9-1.pdf, i
d=135, 464.73625pt x 313.17pt>
File: T2_EM_Enrique_Santibáñez_Cortés_files/figure-latex/unnamed-chunk-9-1.p
df Graphic file (type pdf)
<use T2_EM_Enrique_Santibáñez_Cortés_files/figure-latex/unnamed-chunk-9-1.pd
f>
Package pdftex.def Info: T2_EM_Enrique_Santibáñez_Cortés_files/figure-latex/
unnamed-chunk-9-1.pdf  used on input line 670.
(pdftex.def)             Requested size: 464.74928pt x 313.17877pt.
[11]
<T2_EM_Enrique_Santibáñez_Cortés_files/figure-latex/unnamed-chunk-10-1.pdf, 
id=140, 464.73625pt x 313.17pt>
File: T2_EM_Enrique_Santibáñez_Cortés_files/figure-latex/unnamed-chunk-10-1.
pdf Graphic file (type pdf)
<use T2_EM_Enrique_Santibáñez_Cortés_files/figure-latex/unnamed-chunk-10-1.p
df>
Package pdftex.def Info: T2_EM_Enrique_Santibáñez_Cortés_files/figure-latex/
unnamed-chunk-10-1.pdf  used on input line 687.
(pdftex.def)             Requested size: 464.74928pt x 313.17877pt.
[12 <./T2_EM_Enrique_Santibáñez_Cortés_files/figure-latex/unnamed-chunk-9-1.
pdf>]
<T2_EM_Enrique_Santibáñez_Cortés_files/figure-latex/unnamed-chunk-11-1.pdf, 
id=152, 464.73625pt x 313.17pt>
File: T2_EM_Enrique_Santibáñez_Cortés_files/figure-latex/unnamed-chunk-11-1.
pdf Graphic file (type pdf)
<use T2_EM_Enrique_Santibáñez_Cortés_files/figure-latex/unnamed-chunk-11-1.p
df>
Package pdftex.def Info: T2_EM_Enrique_Santibáñez_Cortés_files/figure-latex/
unnamed-chunk-11-1.pdf  used on input line 705.
(pdftex.def)             Requested size: 464.74928pt x 313.17877pt.
[13 <./T2_EM_Enrique_Santibáñez_Cortés_files/figure-latex/unnamed-chunk-10-1
.pdf>] [14 <./T2_EM_Enrique_Santibáñez_Cortés_files/figure-latex/unnamed-chu
nk-11-1.pdf>] (T2_EM_Enrique_Santibáñez_Cortés.aux
LaTeX Info: Redefining \. on input line 25.
LaTeX Info: Redefining \% on input line 25.
)
Package rerunfilecheck Info: File `T2_EM_Enrique_Santibáñez_Cortés.out' has 
not changed.
(rerunfilecheck)             Checksum: D41D8CD98F00B204E9800998ECF8427E;0.
 ) 
Here is how much of TeX's memory you used:
 13889 strings out of 481551
 210995 string characters out of 2916429
 560020 words of memory out of 3000000
 30388 multiletter control sequences out of 15000+200000
 442601 words of font info for 127 fonts, out of 3000000 for 9000
 0 hyphenation exceptions out of 8191
 71i,17n,74p,550b,389s stack positions out of 5000i,500n,10000p,200000b,50000s
{/home/enrique/.miktex/texmfs/install/fonts/enc/dvips/lm/lm-ec.enc}{/home/enr
ique/.miktex/texmfs/install/fonts/enc/dvips/lm/lm-mathit.enc}{/home/enrique/.mi
ktex/texmfs/install/fonts/enc/dvips/lm/lm-rm.enc}{/home/enrique/.miktex/texmfs/
install/fonts/enc/dvips/lm/lm-mathsy.enc}{/home/enrique/.miktex/texmfs/install/
fonts/enc/dvips/lm/lm-mathex.enc}</home/enrique/.miktex/texmfs/install/fonts/ty
pe1/public/lm/lmbx10.pfb></home/enrique/.miktex/texmfs/install/fonts/type1/publ
ic/lm/lmbx8.pfb></home/enrique/.miktex/texmfs/install/fonts/type1/public/lm/lme
x10.pfb></home/enrique/.miktex/texmfs/install/fonts/type1/public/lm/lmmi10.pfb>
</home/enrique/.miktex/texmfs/install/fonts/type1/public/lm/lmmi6.pfb></home/en
rique/.miktex/texmfs/install/fonts/type1/public/lm/lmmi8.pfb></home/enrique/.mi
ktex/texmfs/install/fonts/type1/public/lm/lmr10.pfb></home/enrique/.miktex/texm
fs/install/fonts/type1/public/lm/lmr6.pfb></home/enrique/.miktex/texmfs/install
/fonts/type1/public/lm/lmr8.pfb></home/enrique/.miktex/texmfs/install/fonts/typ
e1/public/lm/lmri10.pfb></home/enrique/.miktex/texmfs/install/fonts/type1/publi
c/lm/lmsy10.pfb></home/enrique/.miktex/texmfs/install/fonts/type1/public/lm/lms
y6.pfb></home/enrique/.miktex/texmfs/install/fonts/type1/public/lm/lmsy8.pfb></
home/enrique/.miktex/texmfs/install/fonts/type1/public/lm/lmtk10.pfb></home/enr
ique/.miktex/texmfs/install/fonts/type1/public/lm/lmtt10.pfb></home/enrique/.mi
ktex/texmfs/install/fonts/type1/public/lm/lmtti10.pfb></home/enrique/.miktex/te
xmfs/install/fonts/type1/public/amsfonts/symbols/msam10.pfb>
Output written on T2_EM_Enrique_Santibáñez_Cortés.pdf (14 pages, 419448 byte
s).
PDF statistics:
 243 PDF objects out of 1000 (max. 8388607)
 30 named destinations out of 1000 (max. 500000)
 18478 words of extra memory for PDF output out of 20736 (max. 10000000)


! pdflatex: major issue: So far, you have not checked for MiKTeX updates.
