This is pdfTeX, Version 3.14159265-2.6-1.40.21 (TeX Live 2020) (preloaded format=pdflatex 2020.10.17)  20 OCT 2020 19:31
entering extended mode
 restricted \write18 enabled.
 %&-line parsing enabled.
**T5_Enrique_Santibanez_Cortes.tex
(./T5_Enrique_Santibanez_Cortes.tex
LaTeX2e <2020-10-01> patch level 1
L3 programming layer <2020-10-05> xparse <2020-03-03> (/home/enrique/.TinyTeX/t
exmf-dist/tex/latex/base/article.cls
Document Class: article 2020/04/10 v1.4m Standard LaTeX document class
(/home/enrique/.TinyTeX/texmf-dist/tex/latex/base/size11.clo
File: size11.clo 2020/04/10 v1.4m Standard LaTeX file (size option)
)
\c@part=\count175
\c@section=\count176
\c@subsection=\count177
\c@subsubsection=\count178
\c@paragraph=\count179
\c@subparagraph=\count180
\c@figure=\count181
\c@table=\count182
\abovecaptionskip=\skip47
\belowcaptionskip=\skip48
\bibindent=\dimen138
) (/home/enrique/.TinyTeX/texmf-dist/tex/latex/lm/lmodern.sty
Package: lmodern 2009/10/30 v1.6 Latin Modern Fonts
LaTeX Font Info:    Overwriting symbol font `operators' in version `normal'
(Font)                  OT1/cmr/m/n --> OT1/lmr/m/n on input line 22.
LaTeX Font Info:    Overwriting symbol font `letters' in version `normal'
(Font)                  OML/cmm/m/it --> OML/lmm/m/it on input line 23.
LaTeX Font Info:    Overwriting symbol font `symbols' in version `normal'
(Font)                  OMS/cmsy/m/n --> OMS/lmsy/m/n on input line 24.
LaTeX Font Info:    Overwriting symbol font `largesymbols' in version `normal'
(Font)                  OMX/cmex/m/n --> OMX/lmex/m/n on input line 25.
LaTeX Font Info:    Overwriting symbol font `operators' in version `bold'
(Font)                  OT1/cmr/bx/n --> OT1/lmr/bx/n on input line 26.
LaTeX Font Info:    Overwriting symbol font `letters' in version `bold'
(Font)                  OML/cmm/b/it --> OML/lmm/b/it on input line 27.
LaTeX Font Info:    Overwriting symbol font `symbols' in version `bold'
(Font)                  OMS/cmsy/b/n --> OMS/lmsy/b/n on input line 28.
LaTeX Font Info:    Overwriting symbol font `largesymbols' in version `bold'
(Font)                  OMX/cmex/m/n --> OMX/lmex/m/n on input line 29.
LaTeX Font Info:    Overwriting math alphabet `\mathbf' in version `normal'
(Font)                  OT1/cmr/bx/n --> OT1/lmr/bx/n on input line 31.
LaTeX Font Info:    Overwriting math alphabet `\mathsf' in version `normal'
(Font)                  OT1/cmss/m/n --> OT1/lmss/m/n on input line 32.
LaTeX Font Info:    Overwriting math alphabet `\mathit' in version `normal'
(Font)                  OT1/cmr/m/it --> OT1/lmr/m/it on input line 33.
LaTeX Font Info:    Overwriting math alphabet `\mathtt' in version `normal'
(Font)                  OT1/cmtt/m/n --> OT1/lmtt/m/n on input line 34.
LaTeX Font Info:    Overwriting math alphabet `\mathbf' in version `bold'
(Font)                  OT1/cmr/bx/n --> OT1/lmr/bx/n on input line 35.
LaTeX Font Info:    Overwriting math alphabet `\mathsf' in version `bold'
(Font)                  OT1/cmss/bx/n --> OT1/lmss/bx/n on input line 36.
LaTeX Font Info:    Overwriting math alphabet `\mathit' in version `bold'
(Font)                  OT1/cmr/bx/it --> OT1/lmr/bx/it on input line 37.
LaTeX Font Info:    Overwriting math alphabet `\mathtt' in version `bold'
(Font)                  OT1/cmtt/m/n --> OT1/lmtt/m/n on input line 38.
) (/home/enrique/.TinyTeX/texmf-dist/tex/latex/amsfonts/amssymb.sty
Package: amssymb 2013/01/14 v3.01 AMS font symbols
(/home/enrique/.TinyTeX/texmf-dist/tex/latex/amsfonts/amsfonts.sty
Package: amsfonts 2013/01/14 v3.01 Basic AMSFonts support
\@emptytoks=\toks15
\symAMSa=\mathgroup4
\symAMSb=\mathgroup5
LaTeX Font Info:    Redeclaring math symbol \hbar on input line 98.
LaTeX Font Info:    Overwriting math alphabet `\mathfrak' in version `bold'
(Font)                  U/euf/m/n --> U/euf/b/n on input line 106.
)) (/home/enrique/.TinyTeX/texmf-dist/tex/latex/amsmath/amsmath.sty
Package: amsmath 2020/09/23 v2.17i AMS math features
\@mathmargin=\skip49
For additional information on amsmath, use the `?' option.
(/home/enrique/.TinyTeX/texmf-dist/tex/latex/amsmath/amstext.sty
Package: amstext 2000/06/29 v2.01 AMS text
(/home/enrique/.TinyTeX/texmf-dist/tex/latex/amsmath/amsgen.sty
File: amsgen.sty 1999/11/30 v2.0 generic functions
\@emptytoks=\toks16
\ex@=\dimen139
)) (/home/enrique/.TinyTeX/texmf-dist/tex/latex/amsmath/amsbsy.sty
Package: amsbsy 1999/11/29 v1.2d Bold Symbols
\pmbraise@=\dimen140
) (/home/enrique/.TinyTeX/texmf-dist/tex/latex/amsmath/amsopn.sty
Package: amsopn 2016/03/08 v2.02 operator names
)
\inf@bad=\count183
LaTeX Info: Redefining \frac on input line 234.
\uproot@=\count184
\leftroot@=\count185
LaTeX Info: Redefining \overline on input line 399.
\classnum@=\count186
\DOTSCASE@=\count187
LaTeX Info: Redefining \ldots on input line 496.
LaTeX Info: Redefining \dots on input line 499.
LaTeX Info: Redefining \cdots on input line 620.
\Mathstrutbox@=\box47
\strutbox@=\box48
\big@size=\dimen141
LaTeX Font Info:    Redeclaring font encoding OML on input line 743.
LaTeX Font Info:    Redeclaring font encoding OMS on input line 744.
\macc@depth=\count188
\c@MaxMatrixCols=\count189
\dotsspace@=\muskip16
\c@parentequation=\count190
\dspbrk@lvl=\count191
\tag@help=\toks17
\row@=\count192
\column@=\count193
\maxfields@=\count194
\andhelp@=\toks18
\eqnshift@=\dimen142
\alignsep@=\dimen143
\tagshift@=\dimen144
\tagwidth@=\dimen145
\totwidth@=\dimen146
\lineht@=\dimen147
\@envbody=\toks19
\multlinegap=\skip50
\multlinetaggap=\skip51
\mathdisplay@stack=\toks20
LaTeX Info: Redefining \[ on input line 2923.
LaTeX Info: Redefining \] on input line 2924.
) (/home/enrique/.TinyTeX/texmf-dist/tex/generic/iftex/ifxetex.sty
Package: ifxetex 2019/10/25 v0.7 ifxetex legacy package. Use iftex instead.
(/home/enrique/.TinyTeX/texmf-dist/tex/generic/iftex/iftex.sty
Package: iftex 2020/03/06 v1.0d TeX engine tests
)) (/home/enrique/.TinyTeX/texmf-dist/tex/generic/iftex/ifluatex.sty
Package: ifluatex 2019/10/25 v1.5 ifluatex legacy package. Use iftex instead.
) (/home/enrique/.TinyTeX/texmf-dist/tex/latex/base/fixltx2e.sty
Package: fixltx2e 2016/12/29 v2.1a fixes to LaTeX (obsolete)
Applying: [2015/01/01] Old fixltx2e package on input line 46.

Package fixltx2e Warning: fixltx2e is not required with releases after 2015
(fixltx2e)                All fixes are now in the LaTeX kernel.
(fixltx2e)                See the latexrelease package for details.

Already applied: [0000/00/00] Old fixltx2e package on input line 53.
) (/home/enrique/.TinyTeX/texmf-dist/tex/latex/base/fontenc.sty
Package: fontenc 2020/08/10 v2.0s Standard LaTeX package
LaTeX Font Info:    Trying to load font information for T1+lmr on input line 11
2.
(/home/enrique/.TinyTeX/texmf-dist/tex/latex/lm/t1lmr.fd
File: t1lmr.fd 2009/10/30 v1.6 Font defs for Latin Modern
)) (/home/enrique/.TinyTeX/texmf-dist/tex/latex/base/inputenc.sty
Package: inputenc 2020/08/01 v1.3d Input encoding file
\inpenc@prehook=\toks21
\inpenc@posthook=\toks22
) (/home/enrique/.TinyTeX/texmf-dist/tex/latex/microtype/microtype.sty
Package: microtype 2019/11/18 v2.7d Micro-typographical refinements (RS)
(/home/enrique/.TinyTeX/texmf-dist/tex/latex/graphics/keyval.sty
Package: keyval 2014/10/28 v1.15 key=value parser (DPC)
\KV@toks@=\toks23
)
\MT@toks=\toks24
\MT@count=\count195
LaTeX Info: Redefining \textls on input line 790.
\MT@outer@kern=\dimen148
LaTeX Info: Redefining \textmicrotypecontext on input line 1354.
\MT@listname@count=\count196
(/home/enrique/.TinyTeX/texmf-dist/tex/latex/microtype/microtype-pdftex.def
File: microtype-pdftex.def 2019/11/18 v2.7d Definitions specific to pdftex (RS)

LaTeX Info: Redefining \lsstyle on input line 914.
LaTeX Info: Redefining \lslig on input line 914.
\MT@outer@space=\skip52
)
Package microtype Info: Loading configuration file microtype.cfg.
(/home/enrique/.TinyTeX/texmf-dist/tex/latex/microtype/microtype.cfg
File: microtype.cfg 2019/11/18 v2.7d microtype main configuration file (RS)
)) (/home/enrique/.TinyTeX/texmf-dist/tex/latex/geometry/geometry.sty
Package: geometry 2020/01/02 v5.9 Page Geometry
(/home/enrique/.TinyTeX/texmf-dist/tex/generic/iftex/ifvtex.sty
Package: ifvtex 2019/10/25 v1.7 ifvtex legacy package. Use iftex instead.
)
\Gm@cnth=\count197
\Gm@cntv=\count198
\c@Gm@tempcnt=\count199
\Gm@bindingoffset=\dimen149
\Gm@wd@mp=\dimen150
\Gm@odd@mp=\dimen151
\Gm@even@mp=\dimen152
\Gm@layoutwidth=\dimen153
\Gm@layoutheight=\dimen154
\Gm@layouthoffset=\dimen155
\Gm@layoutvoffset=\dimen156
\Gm@dimlist=\toks25
) (/home/enrique/.TinyTeX/texmf-dist/tex/latex/hyperref/hyperref.sty
Package: hyperref 2020-05-15 v7.00e Hypertext links for LaTeX
(/home/enrique/.TinyTeX/texmf-dist/tex/generic/ltxcmds/ltxcmds.sty
Package: ltxcmds 2020-05-10 v1.25 LaTeX kernel commands for general use (HO)
) (/home/enrique/.TinyTeX/texmf-dist/tex/generic/pdftexcmds/pdftexcmds.sty
Package: pdftexcmds 2020-06-27 v0.33 Utility functions of pdfTeX for LuaTeX (HO
)
(/home/enrique/.TinyTeX/texmf-dist/tex/generic/infwarerr/infwarerr.sty
Package: infwarerr 2019/12/03 v1.5 Providing info/warning/error messages (HO)
)
Package pdftexcmds Info: \pdf@primitive is available.
Package pdftexcmds Info: \pdf@ifprimitive is available.
Package pdftexcmds Info: \pdfdraftmode found.
) (/home/enrique/.TinyTeX/texmf-dist/tex/generic/kvsetkeys/kvsetkeys.sty
Package: kvsetkeys 2019/12/15 v1.18 Key value parser (HO)
) (/home/enrique/.TinyTeX/texmf-dist/tex/generic/kvdefinekeys/kvdefinekeys.sty
Package: kvdefinekeys 2019-12-19 v1.6 Define keys (HO)
) (/home/enrique/.TinyTeX/texmf-dist/tex/generic/pdfescape/pdfescape.sty
Package: pdfescape 2019/12/09 v1.15 Implements pdfTeX's escape features (HO)
) (/home/enrique/.TinyTeX/texmf-dist/tex/latex/hycolor/hycolor.sty
Package: hycolor 2020-01-27 v1.10 Color options for hyperref/bookmark (HO)
) (/home/enrique/.TinyTeX/texmf-dist/tex/latex/letltxmacro/letltxmacro.sty
Package: letltxmacro 2019/12/03 v1.6 Let assignment for LaTeX macros (HO)
) (/home/enrique/.TinyTeX/texmf-dist/tex/latex/auxhook/auxhook.sty
Package: auxhook 2019-12-17 v1.6 Hooks for auxiliary files (HO)
) (/home/enrique/.TinyTeX/texmf-dist/tex/latex/kvoptions/kvoptions.sty
Package: kvoptions 2020-10-07 v3.14 Key value format for package options (HO)
)
\@linkdim=\dimen157
\Hy@linkcounter=\count266
\Hy@pagecounter=\count267
(/home/enrique/.TinyTeX/texmf-dist/tex/latex/hyperref/pd1enc.def
File: pd1enc.def 2020-05-15 v7.00e Hyperref: PDFDocEncoding definition (HO)
Now handling font encoding PD1 ...
... no UTF-8 mapping file for font encoding PD1
) (/home/enrique/.TinyTeX/texmf-dist/tex/generic/intcalc/intcalc.sty
Package: intcalc 2019/12/15 v1.3 Expandable calculations with integers (HO)
) (/home/enrique/.TinyTeX/texmf-dist/tex/generic/etexcmds/etexcmds.sty
Package: etexcmds 2019/12/15 v1.7 Avoid name clashes with e-TeX commands (HO)
)
\Hy@SavedSpaceFactor=\count268
Package hyperref Info: Hyper figures OFF on input line 4464.
Package hyperref Info: Link nesting OFF on input line 4469.
Package hyperref Info: Hyper index ON on input line 4472.
Package hyperref Info: Plain pages OFF on input line 4479.
Package hyperref Info: Backreferencing OFF on input line 4484.
Package hyperref Info: Implicit mode ON; LaTeX internals redefined.
Package hyperref Info: Bookmarks ON on input line 4717.
\c@Hy@tempcnt=\count269
(/home/enrique/.TinyTeX/texmf-dist/tex/latex/url/url.sty
\Urlmuskip=\muskip17
Package: url 2013/09/16  ver 3.4  Verb mode for urls, etc.
)
LaTeX Info: Redefining \url on input line 5076.
\XeTeXLinkMargin=\dimen158
(/home/enrique/.TinyTeX/texmf-dist/tex/generic/bitset/bitset.sty
Package: bitset 2019/12/09 v1.3 Handle bit-vector datatype (HO)
(/home/enrique/.TinyTeX/texmf-dist/tex/generic/bigintcalc/bigintcalc.sty
Package: bigintcalc 2019/12/15 v1.5 Expandable calculations on big integers (HO
)
))
\Fld@menulength=\count270
\Field@Width=\dimen159
\Fld@charsize=\dimen160
Package hyperref Info: Hyper figures OFF on input line 6347.
Package hyperref Info: Link nesting OFF on input line 6352.
Package hyperref Info: Hyper index ON on input line 6355.
Package hyperref Info: backreferencing OFF on input line 6362.
Package hyperref Info: Link coloring OFF on input line 6367.
Package hyperref Info: Link coloring with OCG OFF on input line 6372.
Package hyperref Info: PDF/A mode OFF on input line 6377.
LaTeX Info: Redefining \ref on input line 6417.
LaTeX Info: Redefining \pageref on input line 6421.
(/home/enrique/.TinyTeX/texmf-dist/tex/latex/base/atbegshi-ltx.sty
Package: atbegshi-ltx 2020/08/17 v1.0a Emulation of the original atbegshi packa
ge
with kernel methods
)
\Hy@abspage=\count271
\c@Item=\count272
\c@Hfootnote=\count273
)
Package hyperref Info: Driver (autodetected): hpdftex.
(/home/enrique/.TinyTeX/texmf-dist/tex/latex/hyperref/hpdftex.def
File: hpdftex.def 2020-05-15 v7.00e Hyperref driver for pdfTeX
(/home/enrique/.TinyTeX/texmf-dist/tex/latex/base/atveryend-ltx.sty
Package: atveryend-ltx 2020/08/19 v1.0a Emulation of the original atvery packag
e
with kernel methods
)
\Fld@listcount=\count274
\c@bookmark@seq@number=\count275
(/home/enrique/.TinyTeX/texmf-dist/tex/latex/rerunfilecheck/rerunfilecheck.sty
Package: rerunfilecheck 2019/12/05 v1.9 Rerun checks for auxiliary files (HO)
(/home/enrique/.TinyTeX/texmf-dist/tex/generic/uniquecounter/uniquecounter.sty
Package: uniquecounter 2019/12/15 v1.4 Provide unlimited unique counter (HO)
)
Package uniquecounter Info: New unique counter `rerunfilecheck' on input line 2
86.
)
\Hy@SectionHShift=\skip53
)
Package hyperref Info: Option `unicode' set `true' on input line 28.
(/home/enrique/.TinyTeX/texmf-dist/tex/latex/hyperref/puenc.def
File: puenc.def 2020-05-15 v7.00e Hyperref: PDF Unicode definition (HO)
Now handling font encoding PU ...
... no UTF-8 mapping file for font encoding PU
)
Package hyperref Info: Option `breaklinks' set `true' on input line 28.
(/home/enrique/.TinyTeX/texmf-dist/tex/latex/graphics/color.sty
Package: color 2020/02/24 v1.2b Standard LaTeX Color (DPC)
(/home/enrique/.TinyTeX/texmf-dist/tex/latex/graphics-cfg/color.cfg
File: color.cfg 2016/01/02 v1.6 sample color configuration
)
Package color Info: Driver file: pdftex.def on input line 147.
(/home/enrique/.TinyTeX/texmf-dist/tex/latex/graphics-def/pdftex.def
File: pdftex.def 2020/10/05 v1.2a Graphics/color driver for pdftex
)) (/home/enrique/.TinyTeX/texmf-dist/tex/latex/fancyvrb/fancyvrb.sty
Package: fancyvrb 2020/05/03 v3.6 verbatim text (tvz,hv)
\FV@CodeLineNo=\count276
\FV@InFile=\read2
\FV@TabBox=\box49
\c@FancyVerbLine=\count277
\FV@StepNumber=\count278
\FV@OutFile=\write3
) (/home/enrique/.TinyTeX/texmf-dist/tex/latex/framed/framed.sty
Package: framed 2011/10/22 v 0.96: framed or shaded text with page breaks
\OuterFrameSep=\skip54
\fb@frw=\dimen161
\fb@frh=\dimen162
\FrameRule=\dimen163
\FrameSep=\dimen164
) (/home/enrique/.TinyTeX/texmf-dist/tex/latex/graphics/graphicx.sty
Package: graphicx 2020/09/09 v1.2b Enhanced LaTeX Graphics (DPC,SPQR)
(/home/enrique/.TinyTeX/texmf-dist/tex/latex/graphics/graphics.sty
Package: graphics 2020/08/30 v1.4c Standard LaTeX Graphics (DPC,SPQR)
(/home/enrique/.TinyTeX/texmf-dist/tex/latex/graphics/trig.sty
Package: trig 2016/01/03 v1.10 sin cos tan (DPC)
) (/home/enrique/.TinyTeX/texmf-dist/tex/latex/graphics-cfg/graphics.cfg
File: graphics.cfg 2016/06/04 v1.11 sample graphics configuration
)
Package graphics Info: Driver file: pdftex.def on input line 105.
)
\Gin@req@height=\dimen165
\Gin@req@width=\dimen166
) (/home/enrique/.TinyTeX/texmf-dist/tex/latex/grffile/grffile.sty
Package: grffile 2019/11/11 v2.1 Extended file name support for graphics (legac
y)
Package grffile Info: This package is an empty stub for compatibility on input 
line 40.
) (/home/enrique/.TinyTeX/texmf-dist/tex/latex/parskip/parskip.sty
Package: parskip 2020-06-15 v2.0f non-zero parskip adjustments
(/home/enrique/.TinyTeX/texmf-dist/tex/latex/etoolbox/etoolbox.sty
Package: etoolbox 2020/10/05 v2.5k e-TeX tools for LaTeX (JAW)
\etb@tempcnta=\count279
)) (/home/enrique/.TinyTeX/texmf-dist/tex/latex/titling/titling.sty
Package: titling 2009/09/04 v2.1d maketitle typesetting
\thanksmarkwidth=\skip55
\thanksmargin=\skip56
\droptitle=\skip57
) (/home/enrique/.TinyTeX/texmf-dist/tex/latex/base/fontenc.sty
Package: fontenc 2020/08/10 v2.0s Standard LaTeX package
) (/home/enrique/.TinyTeX/texmf-dist/tex/generic/babel/babel.sty
Package: babel 2020/10/06 3.50 The Babel package
(/home/enrique/.TinyTeX/texmf-dist/tex/generic/babel/babel.def
File: babel.def 2020/10/06 3.50 Babel common definitions
\babel@savecnt=\count280
\U@D=\dimen167
\l@babelnohyphens=\language4
(/home/enrique/.TinyTeX/texmf-dist/tex/generic/babel/txtbabel.def)
\bbl@readstream=\read3
)
\bbl@dirlevel=\count281
(/home/enrique/.TinyTeX/texmf-dist/tex/generic/babel-spanish/spanish.ldf
Language: spanish.ldf 2016/03/03 v5.0p Spanish support from the babel system
\es@quottoks=\toks26
\es@quotdepth=\count282
Package babel Info: Making " an active character on input line 561.
Package babel Info: Making . an active character on input line 662.
Package babel Info: Making < an active character on input line 707.
Package babel Info: Making > an active character on input line 707.
)) (/home/enrique/.TinyTeX/texmf-dist/tex/latex/tools/xspace.sty
Package: xspace 2014/10/28 v1.13 Space after command names (DPC,MH)
) (/home/enrique/.TinyTeX/texmf-dist/tex/latex/tools/multicol.sty
Package: multicol 2019/12/09 v1.8y multicolumn formatting (FMi)
\c@tracingmulticols=\count283
\mult@box=\box50
\multicol@leftmargin=\dimen168
\c@unbalance=\count284
\c@collectmore=\count285
\doublecol@number=\count286
\multicoltolerance=\count287
\multicolpretolerance=\count288
\full@width=\dimen169
\page@free=\dimen170
\premulticols=\dimen171
\postmulticols=\dimen172
\multicolsep=\skip58
\multicolbaselineskip=\skip59
\partial@page=\box51
\last@line=\box52
\maxbalancingoverflow=\dimen173
\mult@rightbox=\box53
\mult@grightbox=\box54
\mult@gfirstbox=\box55
\mult@firstbox=\box56
\@tempa=\box57
\@tempa=\box58
\@tempa=\box59
\@tempa=\box60
\@tempa=\box61
\@tempa=\box62
\@tempa=\box63
\@tempa=\box64
\@tempa=\box65
\@tempa=\box66
\@tempa=\box67
\@tempa=\box68
\@tempa=\box69
\@tempa=\box70
\@tempa=\box71
\@tempa=\box72
\@tempa=\box73
\@tempa=\box74
\@tempa=\box75
\@tempa=\box76
\@tempa=\box77
\@tempa=\box78
\@tempa=\box79
\@tempa=\box80
\@tempa=\box81
\@tempa=\box82
\@tempa=\box83
\@tempa=\box84
\@tempa=\box85
\@tempa=\box86
\@tempa=\box87
\@tempa=\box88
\@tempa=\box89
\@tempa=\box90
\@tempa=\box91
\@tempa=\box92
\@tempa=\box93
\c@minrows=\count289
\c@columnbadness=\count290
\c@finalcolumnbadness=\count291
\last@try=\dimen174
\multicolovershoot=\dimen175
\multicolundershoot=\dimen176
\mult@nat@firstbox=\box94
\colbreak@box=\box95
\mc@col@check@num=\count292
) (/home/enrique/.TinyTeX/texmf-dist/tex/latex/float/float.sty
Package: float 2001/11/08 v1.3d Float enhancements (AL)
\c@float@type=\count293
\float@exts=\toks27
\float@box=\box96
\@float@everytoks=\toks28
\@floatcapt=\box97
)
\c@thmt=\count294
\c@thmd=\count295
\c@thml=\count296
(/home/enrique/.TinyTeX/texmf-dist/tex/latex/l3backend/l3backend-pdftex.def
File: l3backend-pdftex.def 2020-09-24 L3 backend support: PDF output (pdfTeX)
\l__kernel_color_stack_int=\count297
\l__pdf_internal_box=\box98
) (./T5_Enrique_Santibanez_Cortes.aux
LaTeX Info: Redefining \. on input line 25.
LaTeX Info: Redefining \% on input line 25.
)
\openout1 = `T5_Enrique_Santibanez_Cortes.aux'.

LaTeX Font Info:    Checking defaults for OML/cmm/m/it on input line 177.
LaTeX Font Info:    ... okay on input line 177.
LaTeX Font Info:    Checking defaults for OMS/cmsy/m/n on input line 177.
LaTeX Font Info:    ... okay on input line 177.
LaTeX Font Info:    Checking defaults for OT1/cmr/m/n on input line 177.
LaTeX Font Info:    ... okay on input line 177.
LaTeX Font Info:    Checking defaults for T1/cmr/m/n on input line 177.
LaTeX Font Info:    ... okay on input line 177.
LaTeX Font Info:    Checking defaults for TS1/cmr/m/n on input line 177.
LaTeX Font Info:    ... okay on input line 177.
LaTeX Font Info:    Checking defaults for OMX/cmex/m/n on input line 177.
LaTeX Font Info:    ... okay on input line 177.
LaTeX Font Info:    Checking defaults for U/cmr/m/n on input line 177.
LaTeX Font Info:    ... okay on input line 177.
LaTeX Font Info:    Checking defaults for PD1/pdf/m/n on input line 177.
LaTeX Font Info:    ... okay on input line 177.
LaTeX Font Info:    Checking defaults for PU/pdf/m/n on input line 177.
LaTeX Font Info:    ... okay on input line 177.
LaTeX Info: Redefining \microtypecontext on input line 177.
Package microtype Info: Generating PDF output.
Package microtype Info: Character protrusion enabled (level 2).
Package microtype Info: Using protrusion set `basicmath'.
Package microtype Info: Automatic font expansion enabled (level 2),
(microtype)             stretch: 20, shrink: 20, step: 1, non-selected.
Package microtype Info: Using default expansion set `basictext'.
LaTeX Info: Redefining \showhyphens on input line 177.
Package microtype Info: No adjustment of tracking.
Package microtype Info: No adjustment of interword spacing.
Package microtype Info: No adjustment of character kerning.
(/home/enrique/.TinyTeX/texmf-dist/tex/latex/microtype/mt-cmr.cfg
File: mt-cmr.cfg 2013/05/19 v2.2 microtype config. file: Computer Modern Roman 
(RS)
)
*geometry* driver: auto-detecting
*geometry* detected driver: pdftex
*geometry* verbose mode - [ preamble ] result:
* driver: pdftex
* paper: <default>
* layout: <same size as paper>
* layoutoffset:(h,v)=(0.0pt,0.0pt)
* modes: 
* h-part:(L,W,R)=(56.9055pt, 500.484pt, 56.9055pt)
* v-part:(T,H,B)=(56.9055pt, 681.15898pt, 56.9055pt)
* \paperwidth=614.295pt
* \paperheight=794.96999pt
* \textwidth=500.484pt
* \textheight=681.15898pt
* \oddsidemargin=-15.36449pt
* \evensidemargin=-15.36449pt
* \topmargin=-52.36449pt
* \headheight=12.0pt
* \headsep=25.0pt
* \topskip=11.0pt
* \footskip=30.0pt
* \marginparwidth=59.0pt
* \marginparsep=10.0pt
* \columnsep=10.0pt
* \skip\footins=10.0pt plus 4.0pt minus 2.0pt
* \hoffset=0.0pt
* \voffset=0.0pt
* \mag=1000
* \@twocolumnfalse
* \@twosidefalse
* \@mparswitchfalse
* \@reversemarginfalse
* (1in=72.27pt=25.4mm, 1cm=28.453pt)

Package hyperref Info: Link coloring OFF on input line 177.
(/home/enrique/.TinyTeX/texmf-dist/tex/latex/hyperref/nameref.sty
Package: nameref 2019/09/16 v2.46 Cross-referencing by name of section
(/home/enrique/.TinyTeX/texmf-dist/tex/latex/refcount/refcount.sty
Package: refcount 2019/12/15 v3.6 Data extraction from label references (HO)
)
(/home/enrique/.TinyTeX/texmf-dist/tex/generic/gettitlestring/gettitlestring.st
y
Package: gettitlestring 2019/12/15 v1.6 Cleanup title references (HO)
)
\c@section@level=\count298
)
LaTeX Info: Redefining \ref on input line 177.
LaTeX Info: Redefining \pageref on input line 177.
LaTeX Info: Redefining \nameref on input line 177.
(./T5_Enrique_Santibanez_Cortes.out) (./T5_Enrique_Santibanez_Cortes.out)
\@outlinefile=\write4
\openout4 = `T5_Enrique_Santibanez_Cortes.out'.

(/home/enrique/.TinyTeX/texmf-dist/tex/latex/epstopdf-pkg/epstopdf-base.sty
Package: epstopdf-base 2020-01-24 v2.11 Base part for package epstopdf
Package epstopdf-base Info: Redefining graphics rule for `.eps' on input line 4
85.
(/home/enrique/.TinyTeX/texmf-dist/tex/latex/latexconfig/epstopdf-sys.cfg
File: epstopdf-sys.cfg 2010/07/13 v1.3 Configuration of (r)epstopdf for TeX Liv
e
))
LaTeX Info: Redefining \. on input line 177.
LaTeX Info: Redefining \% on input line 177.
LaTeX Font Info:    Trying to load font information for OT1+lmr on input line 1
81.
(/home/enrique/.TinyTeX/texmf-dist/tex/latex/lm/ot1lmr.fd
File: ot1lmr.fd 2009/10/30 v1.6 Font defs for Latin Modern
)
LaTeX Font Info:    Trying to load font information for OML+lmm on input line 1
81.
(/home/enrique/.TinyTeX/texmf-dist/tex/latex/lm/omllmm.fd
File: omllmm.fd 2009/10/30 v1.6 Font defs for Latin Modern
)
LaTeX Font Info:    Trying to load font information for OMS+lmsy on input line 
181.
(/home/enrique/.TinyTeX/texmf-dist/tex/latex/lm/omslmsy.fd
File: omslmsy.fd 2009/10/30 v1.6 Font defs for Latin Modern
)
LaTeX Font Info:    Trying to load font information for OMX+lmex on input line 
181.
(/home/enrique/.TinyTeX/texmf-dist/tex/latex/lm/omxlmex.fd
File: omxlmex.fd 2009/10/30 v1.6 Font defs for Latin Modern
)
LaTeX Font Info:    External font `lmex10' loaded for size
(Font)              <10.95> on input line 181.
LaTeX Font Info:    External font `lmex10' loaded for size
(Font)              <8> on input line 181.
LaTeX Font Info:    External font `lmex10' loaded for size
(Font)              <6> on input line 181.
LaTeX Font Info:    Trying to load font information for U+msa on input line 181
.
(/home/enrique/.TinyTeX/texmf-dist/tex/latex/amsfonts/umsa.fd
File: umsa.fd 2013/01/14 v3.01 AMS symbols A
) (/home/enrique/.TinyTeX/texmf-dist/tex/latex/microtype/mt-msa.cfg
File: mt-msa.cfg 2006/02/04 v1.1 microtype config. file: AMS symbols (a) (RS)
)
LaTeX Font Info:    Trying to load font information for U+msb on input line 181
.
(/home/enrique/.TinyTeX/texmf-dist/tex/latex/amsfonts/umsb.fd
File: umsb.fd 2013/01/14 v3.01 AMS symbols B
) (/home/enrique/.TinyTeX/texmf-dist/tex/latex/microtype/mt-msb.cfg
File: mt-msb.cfg 2005/06/01 v1.0 microtype config. file: AMS symbols (b) (RS)
) [1

{/home/enrique/.TinyTeX/texmf-var/fonts/map/pdftex/updmap/pdftex.map}]

Package amsmath Warning: Foreign command \atopwithdelims;
(amsmath)                \frac or \genfrac should be used instead
(amsmath)                 on input line 299.

[2] [3]
LaTeX Font Info:    Trying to load font information for T1+lmtt on input line 4
22.
(/home/enrique/.TinyTeX/texmf-dist/tex/latex/lm/t1lmtt.fd
File: t1lmtt.fd 2009/10/30 v1.6 Font defs for Latin Modern
)
LaTeX Font Info:    Font shape `T1/lmtt/bx/n' in size <10.95> not available
(Font)              Font shape `T1/lmtt/b/n' tried instead on input line 423.
[4]
<T5_Enrique_Santibanez_Cortes_files/figure-latex/unnamed-chunk-1-1.pdf, id=55, 
457.71pt x 311.1625pt>
File: T5_Enrique_Santibanez_Cortes_files/figure-latex/unnamed-chunk-1-1.pdf Gra
phic file (type pdf)
<use T5_Enrique_Santibanez_Cortes_files/figure-latex/unnamed-chunk-1-1.pdf>
Package pdftex.def Info: T5_Enrique_Santibanez_Cortes_files/figure-latex/unname
d-chunk-1-1.pdf  used on input line 435.
(pdftex.def)             Requested size: 457.71587pt x 311.16649pt.
[5 <./T5_Enrique_Santibanez_Cortes_files/figure-latex/unnamed-chunk-1-1.pdf>]
<T5_Enrique_Santibanez_Cortes_files/figure-latex/unnamed-chunk-3-1.pdf, id=73, 
457.71pt x 311.1625pt>
File: T5_Enrique_Santibanez_Cortes_files/figure-latex/unnamed-chunk-3-1.pdf Gra
phic file (type pdf)
<use T5_Enrique_Santibanez_Cortes_files/figure-latex/unnamed-chunk-3-1.pdf>
Package pdftex.def Info: T5_Enrique_Santibanez_Cortes_files/figure-latex/unname
d-chunk-3-1.pdf  used on input line 490.
(pdftex.def)             Requested size: 457.71587pt x 311.16649pt.
[6 <./T5_Enrique_Santibanez_Cortes_files/figure-latex/unnamed-chunk-3-1.pdf>]
<T5_Enrique_Santibanez_Cortes_files/figure-latex/unnamed-chunk-4-1.pdf, id=90, 
457.71pt x 313.17pt>
File: T5_Enrique_Santibanez_Cortes_files/figure-latex/unnamed-chunk-4-1.pdf Gra
phic file (type pdf)
<use T5_Enrique_Santibanez_Cortes_files/figure-latex/unnamed-chunk-4-1.pdf>
Package pdftex.def Info: T5_Enrique_Santibanez_Cortes_files/figure-latex/unname
d-chunk-4-1.pdf  used on input line 519.
(pdftex.def)             Requested size: 457.72285pt x 313.17877pt.
[7 <./T5_Enrique_Santibanez_Cortes_files/figure-latex/unnamed-chunk-4-1.pdf>]
<T5_Enrique_Santibanez_Cortes_files/figure-latex/unnamed-chunk-6-1.pdf, id=107,
 457.71pt x 313.17pt>
File: T5_Enrique_Santibanez_Cortes_files/figure-latex/unnamed-chunk-6-1.pdf Gra
phic file (type pdf)
<use T5_Enrique_Santibanez_Cortes_files/figure-latex/unnamed-chunk-6-1.pdf>
Package pdftex.def Info: T5_Enrique_Santibanez_Cortes_files/figure-latex/unname
d-chunk-6-1.pdf  used on input line 554.
(pdftex.def)             Requested size: 457.72285pt x 313.17877pt.
[8 <./T5_Enrique_Santibanez_Cortes_files/figure-latex/unnamed-chunk-6-1.pdf>] [
9]
Underfull \hbox (badness 10000) in paragraph at lines 706--707

 []


Overfull \hbox (28.16399pt too wide) detected at line 713
[]
 []

[10] [11]
Overfull \hbox (61.10014pt too wide) detected at line 793
[]
 []

[12] [13]
<T5_Enrique_Santibanez_Cortes_files/figure-latex/unnamed-chunk-8-1.pdf, id=154,
 453.695pt x 315.1775pt>
File: T5_Enrique_Santibanez_Cortes_files/figure-latex/unnamed-chunk-8-1.pdf Gra
phic file (type pdf)
<use T5_Enrique_Santibanez_Cortes_files/figure-latex/unnamed-chunk-8-1.pdf>
Package pdftex.def Info: T5_Enrique_Santibanez_Cortes_files/figure-latex/unname
d-chunk-8-1.pdf  used on input line 902.
(pdftex.def)             Requested size: 453.6939pt x 315.17673pt.
[14 <./T5_Enrique_Santibanez_Cortes_files/figure-latex/unnamed-chunk-8-1.pdf>]
<T5_Enrique_Santibanez_Cortes_files/figure-latex/unnamed-chunk-9-1.pdf, id=171,
 453.695pt x 313.17pt>
File: T5_Enrique_Santibanez_Cortes_files/figure-latex/unnamed-chunk-9-1.pdf Gra
phic file (type pdf)
<use T5_Enrique_Santibanez_Cortes_files/figure-latex/unnamed-chunk-9-1.pdf>
Package pdftex.def Info: T5_Enrique_Santibanez_Cortes_files/figure-latex/unname
d-chunk-9-1.pdf  used on input line 931.
(pdftex.def)             Requested size: 453.6939pt x 313.16922pt.
<T5_Enrique_Santibanez_Cortes_files/figure-latex/unnamed-chunk-9-2.pdf, id=172,
 453.695pt x 313.17pt>
File: T5_Enrique_Santibanez_Cortes_files/figure-latex/unnamed-chunk-9-2.pdf Gra
phic file (type pdf)
<use T5_Enrique_Santibanez_Cortes_files/figure-latex/unnamed-chunk-9-2.pdf>
Package pdftex.def Info: T5_Enrique_Santibanez_Cortes_files/figure-latex/unname
d-chunk-9-2.pdf  used on input line 942.
(pdftex.def)             Requested size: 453.6939pt x 313.16922pt.
[15 <./T5_Enrique_Santibanez_Cortes_files/figure-latex/unnamed-chunk-9-1.pdf>] 
[16 <./T5_Enrique_Santibanez_Cortes_files/figure-latex/unnamed-chunk-9-2.pdf>]
<T5_Enrique_Santibanez_Cortes_files/figure-latex/unnamed-chunk-11-1.pdf, id=197
, 453.695pt x 315.1775pt>
File: T5_Enrique_Santibanez_Cortes_files/figure-latex/unnamed-chunk-11-1.pdf Gr
aphic file (type pdf)
<use T5_Enrique_Santibanez_Cortes_files/figure-latex/unnamed-chunk-11-1.pdf>
Package pdftex.def Info: T5_Enrique_Santibanez_Cortes_files/figure-latex/unname
d-chunk-11-1.pdf  used on input line 1024.
(pdftex.def)             Requested size: 453.6939pt x 315.17673pt.
[17 <./T5_Enrique_Santibanez_Cortes_files/figure-latex/unnamed-chunk-11-1.pdf>]
<T5_Enrique_Santibanez_Cortes_files/figure-latex/unnamed-chunk-12-1.pdf, id=213
, 453.695pt x 313.17pt>
File: T5_Enrique_Santibanez_Cortes_files/figure-latex/unnamed-chunk-12-1.pdf Gr
aphic file (type pdf)
<use T5_Enrique_Santibanez_Cortes_files/figure-latex/unnamed-chunk-12-1.pdf>
Package pdftex.def Info: T5_Enrique_Santibanez_Cortes_files/figure-latex/unname
d-chunk-12-1.pdf  used on input line 1035.
(pdftex.def)             Requested size: 453.6939pt x 313.16922pt.
<T5_Enrique_Santibanez_Cortes_files/figure-latex/unnamed-chunk-12-2.pdf, id=214
, 453.695pt x 313.17pt>
File: T5_Enrique_Santibanez_Cortes_files/figure-latex/unnamed-chunk-12-2.pdf Gr
aphic file (type pdf)
<use T5_Enrique_Santibanez_Cortes_files/figure-latex/unnamed-chunk-12-2.pdf>
Package pdftex.def Info: T5_Enrique_Santibanez_Cortes_files/figure-latex/unname
d-chunk-12-2.pdf  used on input line 1046.
(pdftex.def)             Requested size: 453.6939pt x 313.16922pt.
[18 <./T5_Enrique_Santibanez_Cortes_files/figure-latex/unnamed-chunk-12-1.pdf>]
<T5_Enrique_Santibanez_Cortes_files/figure-latex/unnamed-chunk-13-1.pdf, id=226
, 453.695pt x 315.1775pt>
File: T5_Enrique_Santibanez_Cortes_files/figure-latex/unnamed-chunk-13-1.pdf Gr
aphic file (type pdf)
<use T5_Enrique_Santibanez_Cortes_files/figure-latex/unnamed-chunk-13-1.pdf>
Package pdftex.def Info: T5_Enrique_Santibanez_Cortes_files/figure-latex/unname
d-chunk-13-1.pdf  used on input line 1085.
(pdftex.def)             Requested size: 453.6939pt x 315.17673pt.
[19 <./T5_Enrique_Santibanez_Cortes_files/figure-latex/unnamed-chunk-12-2.pdf>]

Underfull \hbox (badness 10000) in paragraph at lines 1098--1099

 []

<T5_Enrique_Santibanez_Cortes_files/figure-latex/unnamed-chunk-14-1.pdf, id=240
, 453.695pt x 315.1775pt>
File: T5_Enrique_Santibanez_Cortes_files/figure-latex/unnamed-chunk-14-1.pdf Gr
aphic file (type pdf)
<use T5_Enrique_Santibanez_Cortes_files/figure-latex/unnamed-chunk-14-1.pdf>
Package pdftex.def Info: T5_Enrique_Santibanez_Cortes_files/figure-latex/unname
d-chunk-14-1.pdf  used on input line 1120.
(pdftex.def)             Requested size: 453.6939pt x 315.17673pt.
[20 <./T5_Enrique_Santibanez_Cortes_files/figure-latex/unnamed-chunk-13-1.pdf>]
[21 <./T5_Enrique_Santibanez_Cortes_files/figure-latex/unnamed-chunk-14-1.pdf>]
[22] [23]
Overfull \hbox (9.48903pt too wide) detected at line 1273
[]
 []

[24] [25]
<T5_Enrique_Santibanez_Cortes_files/figure-latex/unnamed-chunk-17-1.pdf, id=290
, 453.695pt x 315.1775pt>
File: T5_Enrique_Santibanez_Cortes_files/figure-latex/unnamed-chunk-17-1.pdf Gr
aphic file (type pdf)
<use T5_Enrique_Santibanez_Cortes_files/figure-latex/unnamed-chunk-17-1.pdf>
Package pdftex.def Info: T5_Enrique_Santibanez_Cortes_files/figure-latex/unname
d-chunk-17-1.pdf  used on input line 1390.
(pdftex.def)             Requested size: 453.6939pt x 315.17673pt.

Underfull \hbox (badness 10000) in paragraph at lines 1390--1392
[][] \T1/lmr/m/n/10.95 (+20) Aho-ra
 []

[26]
<T5_Enrique_Santibanez_Cortes_files/figure-latex/unnamed-chunk-18-1.pdf, id=296
, 453.695pt x 313.17pt>
File: T5_Enrique_Santibanez_Cortes_files/figure-latex/unnamed-chunk-18-1.pdf Gr
aphic file (type pdf)
<use T5_Enrique_Santibanez_Cortes_files/figure-latex/unnamed-chunk-18-1.pdf>
Package pdftex.def Info: T5_Enrique_Santibanez_Cortes_files/figure-latex/unname
d-chunk-18-1.pdf  used on input line 1402.
(pdftex.def)             Requested size: 453.6939pt x 313.16922pt.
[27 <./T5_Enrique_Santibanez_Cortes_files/figure-latex/unnamed-chunk-17-1.pdf>]
[28 <./T5_Enrique_Santibanez_Cortes_files/figure-latex/unnamed-chunk-18-1.pdf>]
<T5_Enrique_Santibanez_Cortes_files/figure-latex/unnamed-chunk-21-1.pdf, id=324
, 453.695pt x 315.1775pt>
File: T5_Enrique_Santibanez_Cortes_files/figure-latex/unnamed-chunk-21-1.pdf Gr
aphic file (type pdf)
<use T5_Enrique_Santibanez_Cortes_files/figure-latex/unnamed-chunk-21-1.pdf>
Package pdftex.def Info: T5_Enrique_Santibanez_Cortes_files/figure-latex/unname
d-chunk-21-1.pdf  used on input line 1468.
(pdftex.def)             Requested size: 453.6939pt x 315.17673pt.

Underfull \hbox (badness 10000) in paragraph at lines 1468--1470
[][] \T1/lmr/m/n/10.95 (+20) Aho-ra
 []

<T5_Enrique_Santibanez_Cortes_files/figure-latex/unnamed-chunk-22-1.pdf, id=325
, 453.695pt x 313.17pt>
File: T5_Enrique_Santibanez_Cortes_files/figure-latex/unnamed-chunk-22-1.pdf Gr
aphic file (type pdf)
<use T5_Enrique_Santibanez_Cortes_files/figure-latex/unnamed-chunk-22-1.pdf>
Package pdftex.def Info: T5_Enrique_Santibanez_Cortes_files/figure-latex/unname
d-chunk-22-1.pdf  used on input line 1480.
(pdftex.def)             Requested size: 453.6939pt x 313.16922pt.
[29 <./T5_Enrique_Santibanez_Cortes_files/figure-latex/unnamed-chunk-21-1.pdf>]
[30 <./T5_Enrique_Santibanez_Cortes_files/figure-latex/unnamed-chunk-22-1.pdf>]

Overfull \hbox (1.03732pt too wide) detected at line 1551
[]
 []


Overfull \hbox (3.68436pt too wide) detected at line 1567
[]
 []

[31]
Overfull \hbox (2.54874pt too wide) detected at line 1579
[]
 []

[32] [33]
<T5_Enrique_Santibanez_Cortes_files/figure-latex/unnamed-chunk-24-1.pdf, id=366
, 459.7175pt x 313.17pt>
File: T5_Enrique_Santibanez_Cortes_files/figure-latex/unnamed-chunk-24-1.pdf Gr
aphic file (type pdf)
<use T5_Enrique_Santibanez_Cortes_files/figure-latex/unnamed-chunk-24-1.pdf>
Package pdftex.def Info: T5_Enrique_Santibanez_Cortes_files/figure-latex/unname
d-chunk-24-1.pdf  used on input line 1682.
(pdftex.def)             Requested size: 459.7304pt x 313.17877pt.
[34]
<T5_Enrique_Santibanez_Cortes_files/figure-latex/unnamed-chunk-25-1.pdf, id=371
, 459.7175pt x 313.17pt>
File: T5_Enrique_Santibanez_Cortes_files/figure-latex/unnamed-chunk-25-1.pdf Gr
aphic file (type pdf)
<use T5_Enrique_Santibanez_Cortes_files/figure-latex/unnamed-chunk-25-1.pdf>
Package pdftex.def Info: T5_Enrique_Santibanez_Cortes_files/figure-latex/unname
d-chunk-25-1.pdf  used on input line 1694.
(pdftex.def)             Requested size: 459.7304pt x 313.17877pt.
[35 <./T5_Enrique_Santibanez_Cortes_files/figure-latex/unnamed-chunk-24-1.pdf>]
<T5_Enrique_Santibanez_Cortes_files/figure-latex/unnamed-chunk-26-1.pdf, id=383
, 459.7175pt x 313.17pt>
File: T5_Enrique_Santibanez_Cortes_files/figure-latex/unnamed-chunk-26-1.pdf Gr
aphic file (type pdf)
<use T5_Enrique_Santibanez_Cortes_files/figure-latex/unnamed-chunk-26-1.pdf>
Package pdftex.def Info: T5_Enrique_Santibanez_Cortes_files/figure-latex/unname
d-chunk-26-1.pdf  used on input line 1712.
(pdftex.def)             Requested size: 459.7304pt x 313.17877pt.
[36 <./T5_Enrique_Santibanez_Cortes_files/figure-latex/unnamed-chunk-25-1.pdf>]
[37 <./T5_Enrique_Santibanez_Cortes_files/figure-latex/unnamed-chunk-26-1.pdf>]
(./T5_Enrique_Santibanez_Cortes.aux
LaTeX Info: Redefining \. on input line 25.
LaTeX Info: Redefining \% on input line 25.
)
Package rerunfilecheck Info: File `T5_Enrique_Santibanez_Cortes.out' has not ch
anged.
(rerunfilecheck)             Checksum: D41D8CD98F00B204E9800998ECF8427E;0.
 ) 
Here is how much of TeX's memory you used:
 14009 strings out of 481868
 212280 string characters out of 5931007
 568862 words of memory out of 5000000
 29884 multiletter control sequences out of 15000+600000
 578409 words of font info for 112 fonts, out of 8000000 for 9000
 14 hyphenation exceptions out of 8191
 60i,16n,66p,581b,443s stack positions out of 5000i,500n,10000p,200000b,80000s
{/home/enrique/.TinyTeX/texmf-dist/fonts/enc/dvips/lm/lm-rm.enc}{/home/enriqu
e/.TinyTeX/texmf-dist/fonts/enc/dvips/lm/lm-mathsy.enc}{/home/enrique/.TinyTeX/
texmf-dist/fonts/enc/dvips/lm/lm-ec.enc}{/home/enrique/.TinyTeX/texmf-dist/font
s/enc/dvips/lm/lm-mathit.enc}{/home/enrique/.TinyTeX/texmf-dist/fonts/enc/dvips
/lm/lm-mathex.enc}</home/enrique/.TinyTeX/texmf-dist/fonts/type1/public/lm/lmbx
10.pfb></home/enrique/.TinyTeX/texmf-dist/fonts/type1/public/lm/lmex10.pfb></ho
me/enrique/.TinyTeX/texmf-dist/fonts/type1/public/lm/lmmi10.pfb></home/enrique/
.TinyTeX/texmf-dist/fonts/type1/public/lm/lmmi6.pfb></home/enrique/.TinyTeX/tex
mf-dist/fonts/type1/public/lm/lmmi8.pfb></home/enrique/.TinyTeX/texmf-dist/font
s/type1/public/lm/lmr10.pfb></home/enrique/.TinyTeX/texmf-dist/fonts/type1/publ
ic/lm/lmr6.pfb></home/enrique/.TinyTeX/texmf-dist/fonts/type1/public/lm/lmr8.pf
b></home/enrique/.TinyTeX/texmf-dist/fonts/type1/public/lm/lmri10.pfb></home/en
rique/.TinyTeX/texmf-dist/fonts/type1/public/lm/lmsy10.pfb></home/enrique/.Tiny
TeX/texmf-dist/fonts/type1/public/lm/lmsy6.pfb></home/enrique/.TinyTeX/texmf-di
st/fonts/type1/public/lm/lmsy8.pfb></home/enrique/.TinyTeX/texmf-dist/fonts/typ
e1/public/lm/lmtk10.pfb></home/enrique/.TinyTeX/texmf-dist/fonts/type1/public/l
m/lmtt10.pfb></home/enrique/.TinyTeX/texmf-dist/fonts/type1/public/lm/lmtti10.p
fb></home/enrique/.TinyTeX/texmf-dist/fonts/type1/public/amsfonts/symbols/msam1
0.pfb></home/enrique/.TinyTeX/texmf-dist/fonts/type1/public/amsfonts/symbols/ms
bm10.pfb>
Output written on T5_Enrique_Santibanez_Cortes.pdf (37 pages, 1870048 bytes).
PDF statistics:
 489 PDF objects out of 1000 (max. 8388607)
 364 compressed objects within 4 object streams
 75 named destinations out of 1000 (max. 500000)
 6240 words of extra memory for PDF output out of 10000 (max. 10000000)

